<?xml version="1.0" encoding="UTF-8"?>
<!-- Generated by org.testng.reporters.JUnitReportReporter -->
<testsuite skipped="0" hostname="DESKTOP-9RKPRPI" name="word.press.WordPressProject.WordPressFramework" tests="2" failures="0" timestamp="13 Aug 2019 06:26:45 GMT" time="42.172" errors="0">
  <testcase name="dashboard" time="29.420" classname="word.press.WordPressProject.WordPressFramework"/>
  <testcase name="Login" time="12.752" classname="word.press.WordPressProject.WordPressFramework"/>
</testsuite> <!-- word.press.WordPressProject.WordPressFramework -->
