<?xml version="1.0" encoding="UTF-8"?>
<!-- Generated by org.testng.reporters.JUnitReportReporter -->
<testsuite skipped="0" hostname="DESKTOP-9RKPRPI" name="word.press.WordPressProject.WindowHandle" tests="1" failures="0" timestamp="12 Aug 2019 09:55:49 GMT" time="0.106" errors="0">
  <testcase name="f" time="0.106" classname="word.press.WordPressProject.WindowHandle"/>
</testsuite> <!-- word.press.WordPressProject.WindowHandle -->
